<?xml version="1.0" encoding="UTF-8"?>
<!-- Generated by org.testng.reporters.JUnitXMLReporter -->
<testsuite ignored="6" hostname="Kalyanis-MacBook-Air.local" failures="7" tests="7" name="Sanity_Regression_Retesting" time="0.391" errors="0" timestamp="2024-01-03T21:24:06 IST">
  <testcase classname="testCases.CartPageTest" name="VerifyCartPageLableTest" time="0.316">
    <failure type="java.lang.NullPointerException" message="Cannot invoke &amp;quot;pages.CartPage.VerifyCartPageLable()&amp;quot; because &amp;quot;this.cart&amp;quot; is null">
      <![CDATA[java.lang.NullPointerException: Cannot invoke "pages.CartPage.VerifyCartPageLable()" because "this.cart" is null
at testCases.CartPageTest.VerifyCartPageLableTest(CartPageTest.java:49)
at java.base/java.util.ArrayList.forEach(ArrayList.java:1511)
... Removed 27 stack frames]]>
    </failure>
  </testcase> <!-- VerifyCartPageLableTest -->
  <testcase classname="testCases.CartPageTest" name="clickOncheckOutBtnTest" time="0.001">
    <failure type="java.lang.NullPointerException" message="Cannot invoke &amp;quot;pages.CartPage.clickOncheckOutBtn()&amp;quot; because &amp;quot;this.cart&amp;quot; is null">
      <![CDATA[java.lang.NullPointerException: Cannot invoke "pages.CartPage.clickOncheckOutBtn()" because "this.cart" is null
at testCases.CartPageTest.clickOncheckOutBtnTest(CartPageTest.java:56)
at java.base/java.util.ArrayList.forEach(ArrayList.java:1511)
... Removed 27 stack frames]]>
    </failure>
  </testcase> <!-- clickOncheckOutBtnTest -->
  <testcase classname="testCases.CartPageTest" name="verifyCartPageUrlTest" time="0.001">
    <failure type="java.lang.NullPointerException" message="Cannot invoke &amp;quot;pages.CartPage.verifyCartPageUrl()&amp;quot; because &amp;quot;this.cart&amp;quot; is null">
      <![CDATA[java.lang.NullPointerException: Cannot invoke "pages.CartPage.verifyCartPageUrl()" because "this.cart" is null
at testCases.CartPageTest.verifyCartPageUrlTest(CartPageTest.java:41)
at java.base/java.util.ArrayList.forEach(ArrayList.java:1511)
... Removed 27 stack frames]]>
    </failure>
  </testcase> <!-- verifyCartPageUrlTest -->
  <testcase classname="testCases.LoginPageTest" name="verifyTitleOfApplicationTest" time="0.021">
    <failure type="java.lang.NullPointerException" message="Cannot invoke &amp;quot;pages.LoginPage.verifyTitleOfApplication()&amp;quot; because &amp;quot;this.login&amp;quot; is null">
      <![CDATA[java.lang.NullPointerException: Cannot invoke "pages.LoginPage.verifyTitleOfApplication()" because "this.login" is null
at testCases.LoginPageTest.verifyTitleOfApplicationTest(LoginPageTest.java:31)
at java.base/java.util.ArrayList.forEach(ArrayList.java:1511)
... Removed 27 stack frames]]>
    </failure>
  </testcase> <!-- verifyTitleOfApplicationTest -->
  <testcase classname="testCases.LoginPageTest" name="verifyURLOfApplicationTest" time="0.015">
    <failure type="java.lang.NullPointerException" message="Cannot invoke &amp;quot;pages.LoginPage.verifyURLOfApplication()&amp;quot; because &amp;quot;this.login&amp;quot; is null">
      <![CDATA[java.lang.NullPointerException: Cannot invoke "pages.LoginPage.verifyURLOfApplication()" because "this.login" is null
at testCases.LoginPageTest.verifyURLOfApplicationTest(LoginPageTest.java:38)
at java.base/java.util.ArrayList.forEach(ArrayList.java:1511)
... Removed 27 stack frames]]>
    </failure>
  </testcase> <!-- verifyURLOfApplicationTest -->
  <testcase classname="testCases.InventoryPageTest" name="verifyProductLabelTest" time="0.014">
    <failure type="java.lang.NullPointerException" message="Cannot invoke &amp;quot;pages.InventoryPage.verifyProductLabel()&amp;quot; because &amp;quot;this.invent&amp;quot; is null">
      <![CDATA[java.lang.NullPointerException: Cannot invoke "pages.InventoryPage.verifyProductLabel()" because "this.invent" is null
at testCases.InventoryPageTest.verifyProductLabelTest(InventoryPageTest.java:36)
at java.base/java.util.ArrayList.forEach(ArrayList.java:1511)
... Removed 27 stack frames]]>
    </failure>
  </testcase> <!-- verifyProductLabelTest -->
  <testcase classname="testCases.InventoryPageTest" name="verifyTwitterLogoTest" time="0.001">
    <failure type="java.lang.NullPointerException" message="Cannot invoke &amp;quot;pages.InventoryPage.verifyTwitterLogo()&amp;quot; because &amp;quot;this.invent&amp;quot; is null">
      <![CDATA[java.lang.NullPointerException: Cannot invoke "pages.InventoryPage.verifyTwitterLogo()" because "this.invent" is null
at testCases.InventoryPageTest.verifyTwitterLogoTest(InventoryPageTest.java:60)
at java.base/java.util.ArrayList.forEach(ArrayList.java:1511)
... Removed 27 stack frames]]>
    </failure>
  </testcase> <!-- verifyTwitterLogoTest -->
  <testcase classname="testCases.InventoryPageTest" name="add6ProductsTest" time="0.0">
    <ignored/>
  </testcase> <!-- add6ProductsTest -->
  <testcase classname="testCases.InventoryPageTest" name="remove2ProductsTest" time="0.0">
    <ignored/>
  </testcase> <!-- remove2ProductsTest -->
  <testcase classname="testCases.LoginPageTest" name="loginToApplicationTest" time="0.0">
    <ignored/>
  </testcase> <!-- loginToApplicationTest -->
  <testcase classname="testCases.InventoryPageTest" name="verifyFacebookLogoTest" time="0.0">
    <ignored/>
  </testcase> <!-- verifyFacebookLogoTest -->
  <testcase classname="testCases.CartPageTest" name="clickContinueShoppingBtnTest" time="0.0">
    <ignored/>
  </testcase> <!-- clickContinueShoppingBtnTest -->
  <testcase classname="testCases.InventoryPageTest" name="verifyLinkdinLogoTest" time="0.0">
    <ignored/>
  </testcase> <!-- verifyLinkdinLogoTest -->
</testsuite> <!-- Sanity_Regression_Retesting -->
