<?xml version="1.0" encoding="UTF-8"?>
<!-- Generated by org.testng.reporters.JUnitXMLReporter -->
<testsuite ignored="0" hostname="Kalyanis-MacBook-Air.local" failures="0" tests="6" name="Default test" time="16.661" errors="0" timestamp="2024-01-03T13:26:09 IST">
  <testcase classname="testCases.VerifyLoginMultipleCredentials" name="loginWithMultipleCredentialsTest" time="0.191"/>
  <testcase classname="testCases.VerifyLoginMultipleCredentials" name="loginWithMultipleCredentialsTest" time="0.174"/>
  <testcase classname="testCases.VerifyLoginMultipleCredentials" name="loginWithMultipleCredentialsTest" time="0.149"/>
  <testcase classname="testCases.VerifyLoginMultipleCredentials" name="loginWithMultipleCredentialsTest" time="5.191"/>
  <testcase classname="testCases.VerifyLoginMultipleCredentials" name="loginWithMultipleCredentialsTest" time="0.162"/>
  <testcase classname="testCases.VerifyLoginMultipleCredentials" name="loginWithMultipleCredentialsTest" time="0.167"/>
</testsuite> <!-- Default test -->
