<?xml version="1.0" encoding="UTF-8"?>
<!-- Generated by org.testng.reporters.JUnitXMLReporter -->
<testsuite ignored="6" hostname="Kalyanis-MacBook-Air.local" failures="0" tests="7" name="Sanity_Retesting_Regression_Test" time="14.482" errors="0" timestamp="2024-01-03T22:24:38 IST">
  <testcase classname="testCases.CartPageTest" name="VerifyCartPageLableTest" time="0.29"/>
  <testcase classname="testCases.CartPageTest" name="clickOncheckOutBtnTest" time="0.074"/>
  <testcase classname="testCases.CartPageTest" name="verifyCartPageUrlTest" time="0.005"/>
  <testcase classname="testCases.LoginPageTest" name="verifyTitleOfApplicationTest" time="0.033"/>
  <testcase classname="testCases.LoginPageTest" name="verifyURLOfApplicationTest" time="0.029"/>
  <testcase classname="testCases.InventoryPageTest" name="verifyProductLabelTest" time="0.018"/>
  <testcase classname="testCases.InventoryPageTest" name="verifyTwitterLogoTest" time="0.023"/>
  <testcase classname="testCases.InventoryPageTest" name="remove2ProductsTest" time="0.0">
    <ignored/>
  </testcase> <!-- remove2ProductsTest -->
  <testcase classname="testCases.LoginPageTest" name="loginToApplicationTest" time="0.0">
    <ignored/>
  </testcase> <!-- loginToApplicationTest -->
  <testcase classname="testCases.InventoryPageTest" name="verifyFacebookLogoTest" time="0.0">
    <ignored/>
  </testcase> <!-- verifyFacebookLogoTest -->
  <testcase classname="testCases.InventoryPageTest" name="verifyLinkdinLogoTest" time="0.0">
    <ignored/>
  </testcase> <!-- verifyLinkdinLogoTest -->
  <testcase classname="testCases.InventoryPageTest" name="add6ProductsTest" time="0.0">
    <ignored/>
  </testcase> <!-- add6ProductsTest -->
  <testcase classname="testCases.CartPageTest" name="clickContinueShoppingBtnTest" time="0.0">
    <ignored/>
  </testcase> <!-- clickContinueShoppingBtnTest -->
</testsuite> <!-- Sanity_Retesting_Regression_Test -->
